<?xml version="1.0" encoding="UTF-8"?>
<testsuite xmlns:xsi="http://www.w3.org/2001/XMLSchema-instance" xsi:noNamespaceSchemaLocation="https://maven.apache.org/surefire/maven-surefire-plugin/xsd/surefire-test-report.xsd" version="3.0.2" name="JUnit Jupiter" time="0.0" tests="1" errors="1" skipped="0" failures="0">
  <properties>
[...]
</properties>
  <testcase name="JUnit Jupiter" classname="JUnit Jupiter" time="0.0">
    <error message="The wrapped NoSuchMethodError is likely caused by the versions of JUnit jars on the classpath/module path not being properly aligned. &#10;Please ensure consistent versions are used (see https://docs.junit.org/5.13.4/user-guide/#dependency-metadata).&#10;The following conflicting versions were detected:&#10;- org.junit.jupiter.api: 5.13.4&#10;- org.junit.jupiter.engine: 5.13.4&#10;- org.junit.platform.commons: 1.14.2&#10;- org.junit.platform.engine: 1.14.2&#10;- org.junit.platform.launcher: 1.13.4&#10;- org.junit.platform.suite.api: 1.13.4&#10;- org.junit.platform.suite.commons: 1.13.4&#10;- org.junit.platform.suite.engine: 1.13.4&#10;" type="org.junit.platform.commons.JUnitException"><![CDATA[org.junit.platform.commons.JUnitException: 
The wrapped NoSuchMethodError is likely caused by the versions of JUnit jars on the classpath/module path not being properly aligned. 
Please ensure consistent versions are used (see https://docs.junit.org/5.13.4/user-guide/#dependency-metadata).
The following conflicting versions were detected:
- org.junit.jupiter.api: 5.13.4
- org.junit.jupiter.engine: 5.13.4
- org.junit.platform.commons: 1.14.2
- org.junit.platform.engine: 1.14.2
- org.junit.platform.launcher: 1.13.4
- org.junit.platform.suite.api: 1.13.4
- org.junit.platform.suite.commons: 1.13.4
- org.junit.platform.suite.engine: 1.13.4

Caused by: java.lang.NoSuchMethodError: 'org.junit.platform.engine.ExecutionRequest org.junit.platform.engine.ExecutionRequest.create(org.junit.platform.engine.TestDescriptor, org.junit.platform.engine.EngineExecutionListener, org.junit.platform.engine.ConfigurationParameters, org.junit.platform.engine.reporting.OutputDirectoryProvider, org.junit.platform.engine.support.store.NamespacedHierarchicalStore)'
]]></error>
  </testcase>
</testsuite>